d:\загрузки\курсовая —попытка в звуки\kglabs-master\lab4+\kglab\x64\debug\vc143.pdb
d:\загрузки\курсовая —попытка в звуки\kglabs-master\lab4+\kglab\x64\debug\vc143.idb
d:\загрузки\курсовая —попытка в звуки\kglabs-master\lab4+\kglab\x64\debug\texture.obj
d:\загрузки\курсовая —попытка в звуки\kglabs-master\lab4+\kglab\x64\debug\render.obj
d:\загрузки\курсовая —попытка в звуки\kglabs-master\lab4+\kglab\x64\debug\objloader.obj
d:\загрузки\курсовая —попытка в звуки\kglabs-master\lab4+\kglab\x64\debug\myshaders.obj
d:\загрузки\курсовая —попытка в звуки\kglabs-master\lab4+\kglab\x64\debug\myogl.obj
d:\загрузки\курсовая —попытка в звуки\kglabs-master\lab4+\kglab\x64\debug\main.obj
d:\загрузки\курсовая —попытка в звуки\kglabs-master\lab4+\kglab\x64\debug\light.obj
d:\загрузки\курсовая —попытка в звуки\kglabs-master\lab4+\kglab\x64\debug\guitextrectangle.obj
d:\загрузки\курсовая —попытка в звуки\kglabs-master\lab4+\kglab\x64\debug\debout.obj
d:\загрузки\курсовая —попытка в звуки\kglabs-master\lab4+\kglab\x64\debug\camera.obj
d:\загрузки\курсовая —попытка в звуки\kglabs-master\lab4+\x64\debug\kglab.exe
d:\загрузки\курсовая —попытка в звуки\kglabs-master\lab4+\x64\debug\kglab.pdb
d:\загрузки\курсовая —попытка в звуки\kglabs-master\lab4+\kglab\x64\debug\kglab.ilk
d:\загрузки\курсовая —попытка в звуки\kglabs-master\lab4+\kglab\x64\debug\kglab.tlog\cl.command.1.tlog
d:\загрузки\курсовая —попытка в звуки\kglabs-master\lab4+\kglab\x64\debug\kglab.tlog\cl.items.tlog
d:\загрузки\курсовая —попытка в звуки\kglabs-master\lab4+\kglab\x64\debug\kglab.tlog\cl.read.1.tlog
d:\загрузки\курсовая —попытка в звуки\kglabs-master\lab4+\kglab\x64\debug\kglab.tlog\cl.write.1.tlog
d:\загрузки\курсовая —попытка в звуки\kglabs-master\lab4+\kglab\x64\debug\kglab.tlog\link.command.1.tlog
d:\загрузки\курсовая —попытка в звуки\kglabs-master\lab4+\kglab\x64\debug\kglab.tlog\link.read.1.tlog
d:\загрузки\курсовая —попытка в звуки\kglabs-master\lab4+\kglab\x64\debug\kglab.tlog\link.secondary.1.tlog
d:\загрузки\курсовая —попытка в звуки\kglabs-master\lab4+\kglab\x64\debug\kglab.tlog\link.write.1.tlog
